{"/Users/williamcheung/Developer/fDDD/src/TypeChecker.ts": {"path":"/Users/williamcheung/Developer/fDDD/src/TypeChecker.ts","all":false,"statementMap":{"0":{"start":{"line":1,"column":0},"end":{"line":1,"column":26}},"1":{"start":{"line":2,"column":0},"end":{"line":2,"column":50}},"2":{"start":{"line":3,"column":0},"end":{"line":3,"column":36}},"3":{"start":{"line":4,"column":0},"end":{"line":4,"column":3}},"4":{"start":{"line":5,"column":0},"end":{"line":5,"column":0}},"5":{"start":{"line":6,"column":0},"end":{"line":6,"column":50}},"6":{"start":{"line":7,"column":0},"end":{"line":7,"column":36}},"7":{"start":{"line":8,"column":0},"end":{"line":8,"column":3}},"8":{"start":{"line":9,"column":0},"end":{"line":9,"column":0}},"9":{"start":{"line":10,"column":0},"end":{"line":10,"column":52}},"10":{"start":{"line":11,"column":0},"end":{"line":11,"column":31}},"11":{"start":{"line":12,"column":0},"end":{"line":12,"column":3}},"12":{"start":{"line":13,"column":0},"end":{"line":13,"column":0}},"13":{"start":{"line":14,"column":0},"end":{"line":14,"column":67}},"14":{"start":{"line":15,"column":0},"end":{"line":15,"column":77}},"15":{"start":{"line":16,"column":0},"end":{"line":16,"column":3}},"16":{"start":{"line":17,"column":0},"end":{"line":17,"column":0}},"17":{"start":{"line":18,"column":0},"end":{"line":18,"column":19}},"18":{"start":{"line":19,"column":0},"end":{"line":19,"column":18}},"19":{"start":{"line":20,"column":0},"end":{"line":20,"column":45}},"20":{"start":{"line":21,"column":0},"end":{"line":21,"column":16}},"21":{"start":{"line":22,"column":0},"end":{"line":22,"column":27}},"22":{"start":{"line":23,"column":0},"end":{"line":23,"column":3}},"23":{"start":{"line":24,"column":0},"end":{"line":24,"column":0}},"24":{"start":{"line":25,"column":0},"end":{"line":25,"column":22}},"25":{"start":{"line":26,"column":0},"end":{"line":26,"column":20}},"26":{"start":{"line":27,"column":0},"end":{"line":27,"column":45}},"27":{"start":{"line":28,"column":0},"end":{"line":28,"column":18}},"28":{"start":{"line":29,"column":0},"end":{"line":29,"column":56}},"29":{"start":{"line":30,"column":0},"end":{"line":30,"column":3}},"30":{"start":{"line":31,"column":0},"end":{"line":31,"column":1}}},"s":{"0":1,"1":1,"2":6,"3":6,"4":1,"5":1,"6":6,"7":6,"8":1,"9":1,"10":6,"11":6,"12":1,"13":1,"14":7,"15":7,"16":1,"17":1,"18":5,"19":5,"20":5,"21":5,"22":5,"23":1,"24":1,"25":4,"26":4,"27":4,"28":4,"29":4,"30":1},"branchMap":{"0":{"type":"branch","line":2,"loc":{"start":{"line":2,"column":9},"end":{"line":4,"column":3}},"locations":[{"start":{"line":2,"column":9},"end":{"line":4,"column":3}}]},"1":{"type":"branch","line":6,"loc":{"start":{"line":6,"column":9},"end":{"line":8,"column":3}},"locations":[{"start":{"line":6,"column":9},"end":{"line":8,"column":3}}]},"2":{"type":"branch","line":10,"loc":{"start":{"line":10,"column":9},"end":{"line":12,"column":3}},"locations":[{"start":{"line":10,"column":9},"end":{"line":12,"column":3}}]},"3":{"type":"branch","line":14,"loc":{"start":{"line":14,"column":9},"end":{"line":16,"column":3}},"locations":[{"start":{"line":14,"column":9},"end":{"line":16,"column":3}}]},"4":{"type":"branch","line":15,"loc":{"start":{"line":15,"column":35},"end":{"line":15,"column":59}},"locations":[{"start":{"line":15,"column":35},"end":{"line":15,"column":59}}]},"5":{"type":"branch","line":15,"loc":{"start":{"line":15,"column":59},"end":{"line":15,"column":76}},"locations":[{"start":{"line":15,"column":59},"end":{"line":15,"column":76}}]},"6":{"type":"branch","line":18,"loc":{"start":{"line":18,"column":9},"end":{"line":23,"column":3}},"locations":[{"start":{"line":18,"column":9},"end":{"line":23,"column":3}}]},"7":{"type":"branch","line":25,"loc":{"start":{"line":25,"column":9},"end":{"line":30,"column":3}},"locations":[{"start":{"line":25,"column":9},"end":{"line":30,"column":3}}]}},"b":{"0":[6],"1":[6],"2":[6],"3":[7],"4":[4],"5":[3],"6":[5],"7":[4]},"fnMap":{"0":{"name":"isString","decl":{"start":{"line":2,"column":9},"end":{"line":4,"column":3}},"loc":{"start":{"line":2,"column":9},"end":{"line":4,"column":3}},"line":2},"1":{"name":"isNumber","decl":{"start":{"line":6,"column":9},"end":{"line":8,"column":3}},"loc":{"start":{"line":6,"column":9},"end":{"line":8,"column":3}},"line":6},"2":{"name":"isArray","decl":{"start":{"line":10,"column":9},"end":{"line":12,"column":3}},"loc":{"start":{"line":10,"column":9},"end":{"line":12,"column":3}},"line":10},"3":{"name":"isObject","decl":{"start":{"line":14,"column":9},"end":{"line":16,"column":3}},"loc":{"start":{"line":14,"column":9},"end":{"line":16,"column":3}},"line":14},"4":{"name":"isType","decl":{"start":{"line":18,"column":9},"end":{"line":23,"column":3}},"loc":{"start":{"line":18,"column":9},"end":{"line":23,"column":3}},"line":18},"5":{"name":"isArrayOf","decl":{"start":{"line":25,"column":9},"end":{"line":30,"column":3}},"loc":{"start":{"line":25,"column":9},"end":{"line":30,"column":3}},"line":25}},"f":{"0":6,"1":6,"2":6,"3":7,"4":5,"5":4}}
}
