TN:
SF:src/TypeChecker.ts
FN:2,isString
FN:6,isNumber
FN:10,isArray
FN:14,isObject
FN:18,isType
FN:25,isArrayOf
FNF:6
FNH:6
FNDA:6,isString
FNDA:6,isNumber
FNDA:6,isArray
FNDA:7,isObject
FNDA:5,isType
FNDA:4,isArrayOf
DA:1,1
DA:2,1
DA:3,6
DA:4,6
DA:5,1
DA:6,1
DA:7,6
DA:8,6
DA:9,1
DA:10,1
DA:11,6
DA:12,6
DA:13,1
DA:14,1
DA:15,7
DA:16,7
DA:17,1
DA:18,1
DA:19,5
DA:20,5
DA:21,5
DA:22,5
DA:23,5
DA:24,1
DA:25,1
DA:26,4
DA:27,4
DA:28,4
DA:29,4
DA:30,4
DA:31,1
LF:31
LH:31
BRDA:2,0,0,6
BRDA:6,1,0,6
BRDA:10,2,0,6
BRDA:14,3,0,7
BRDA:15,4,0,4
BRDA:15,5,0,3
BRDA:18,6,0,5
BRDA:25,7,0,4
BRF:8
BRH:8
end_of_record
